2017-10-16 12:30:14,629 WARN org.apache.hadoop.util.NativeCodeLoader: Unable to load native-hadoop library for your platform... using builtin-java classes where applicable
2017-10-16 12:31:28,382 WARN org.apache.hadoop.util.NativeCodeLoader: Unable to load native-hadoop library for your platform... using builtin-java classes where applicable
2017-10-16 12:31:57,619 WARN org.apache.hadoop.util.NativeCodeLoader: Unable to load native-hadoop library for your platform... using builtin-java classes where applicable
2017-10-16 12:32:47,699 WARN org.apache.hadoop.util.NativeCodeLoader: Unable to load native-hadoop library for your platform... using builtin-java classes where applicable
2017-10-16 12:32:47,952 INFO org.apache.hadoop.conf.Configuration.deprecation: session.id is deprecated. Instead, use dfs.metrics.session-id
2017-10-16 12:32:47,953 INFO org.apache.hadoop.metrics.jvm.JvmMetrics: Initializing JVM Metrics with processName=JobTracker, sessionId=
2017-10-16 12:32:48,117 WARN org.apache.hadoop.mapreduce.JobResourceUploader: No job jar file set.  User classes may not be found. See Job or Job#setJar(String).
2017-10-16 12:32:48,131 INFO org.apache.hadoop.mapreduce.lib.input.FileInputFormat: Total input paths to process : 6
2017-10-16 12:32:48,157 INFO org.apache.hadoop.mapreduce.JobSubmitter: number of splits:6
2017-10-16 12:32:48,256 INFO org.apache.hadoop.mapreduce.JobSubmitter: Submitting tokens for job: job_local2121179413_0001
2017-10-16 12:32:48,390 INFO org.apache.hadoop.mapreduce.Job: The url to track the job: http://localhost:8080/
2017-10-16 12:32:48,390 INFO org.apache.hadoop.mapreduce.Job: Running job: job_local2121179413_0001
2017-10-16 12:32:48,393 INFO org.apache.hadoop.mapred.LocalJobRunner: OutputCommitter set in config null
2017-10-16 12:32:48,397 INFO org.apache.hadoop.mapreduce.lib.output.FileOutputCommitter: File Output Committer Algorithm version is 1
2017-10-16 12:32:48,397 INFO org.apache.hadoop.mapreduce.lib.output.FileOutputCommitter: FileOutputCommitter skip cleanup _temporary folders under output directory:false, ignore cleanup failures: false
2017-10-16 12:32:48,397 INFO org.apache.hadoop.mapred.LocalJobRunner: OutputCommitter is org.apache.hadoop.mapreduce.lib.output.FileOutputCommitter
2017-10-16 12:32:48,423 INFO org.apache.hadoop.mapred.LocalJobRunner: Waiting for map tasks
2017-10-16 12:32:48,423 INFO org.apache.hadoop.mapred.LocalJobRunner: Starting task: attempt_local2121179413_0001_m_000000_0
2017-10-16 12:32:48,435 INFO org.apache.hadoop.mapreduce.lib.output.FileOutputCommitter: File Output Committer Algorithm version is 1
2017-10-16 12:32:48,435 INFO org.apache.hadoop.mapreduce.lib.output.FileOutputCommitter: FileOutputCommitter skip cleanup _temporary folders under output directory:false, ignore cleanup failures: false
2017-10-16 12:32:48,444 INFO org.apache.hadoop.mapred.Task:  Using ResourceCalculatorProcessTree : [ ]
2017-10-16 12:32:48,447 INFO org.apache.hadoop.mapred.MapTask: Processing split: file:/home/cloudera/workspace/ATD1/input/3:0+15316522
2017-10-16 12:32:48,486 INFO org.apache.hadoop.mapred.MapTask: (EQUATOR) 0 kvi 26214396(104857584)
2017-10-16 12:32:48,486 INFO org.apache.hadoop.mapred.MapTask: mapreduce.task.io.sort.mb: 100
2017-10-16 12:32:48,486 INFO org.apache.hadoop.mapred.MapTask: soft limit at 83886080
2017-10-16 12:32:48,487 INFO org.apache.hadoop.mapred.MapTask: bufstart = 0; bufvoid = 104857600
2017-10-16 12:32:48,487 INFO org.apache.hadoop.mapred.MapTask: kvstart = 26214396; length = 6553600
2017-10-16 12:32:48,489 INFO org.apache.hadoop.mapred.MapTask: Map output collector class = org.apache.hadoop.mapred.MapTask$MapOutputBuffer
2017-10-16 12:32:49,394 INFO org.apache.hadoop.mapreduce.Job: Job job_local2121179413_0001 running in uber mode : false
2017-10-16 12:32:49,394 INFO org.apache.hadoop.mapreduce.Job:  map 0% reduce 0%
2017-10-16 12:32:50,404 INFO org.apache.hadoop.mapred.LocalJobRunner: 
2017-10-16 12:32:50,404 INFO org.apache.hadoop.mapred.MapTask: Starting flush of map output
2017-10-16 12:32:50,404 INFO org.apache.hadoop.mapred.MapTask: Spilling map output
2017-10-16 12:32:50,404 INFO org.apache.hadoop.mapred.MapTask: bufstart = 0; bufend = 28846826; bufvoid = 104857600
2017-10-16 12:32:50,404 INFO org.apache.hadoop.mapred.MapTask: kvstart = 26214396(104857584); kvend = 13006916(52027664); length = 13207481/6553600
2017-10-16 12:32:52,756 INFO org.apache.hadoop.mapred.MapTask: Finished spill 0
2017-10-16 12:32:52,759 INFO org.apache.hadoop.mapred.Task: Task:attempt_local2121179413_0001_m_000000_0 is done. And is in the process of committing
2017-10-16 12:32:52,767 INFO org.apache.hadoop.mapred.LocalJobRunner: map
2017-10-16 12:32:52,767 INFO org.apache.hadoop.mapred.Task: Task 'attempt_local2121179413_0001_m_000000_0' done.
2017-10-16 12:32:52,767 INFO org.apache.hadoop.mapred.LocalJobRunner: Finishing task: attempt_local2121179413_0001_m_000000_0
2017-10-16 12:32:52,767 INFO org.apache.hadoop.mapred.LocalJobRunner: Starting task: attempt_local2121179413_0001_m_000001_0
2017-10-16 12:32:52,768 INFO org.apache.hadoop.mapreduce.lib.output.FileOutputCommitter: File Output Committer Algorithm version is 1
2017-10-16 12:32:52,768 INFO org.apache.hadoop.mapreduce.lib.output.FileOutputCommitter: FileOutputCommitter skip cleanup _temporary folders under output directory:false, ignore cleanup failures: false
2017-10-16 12:32:52,768 INFO org.apache.hadoop.mapred.Task:  Using ResourceCalculatorProcessTree : [ ]
2017-10-16 12:32:52,769 INFO org.apache.hadoop.mapred.MapTask: Processing split: file:/home/cloudera/workspace/ATD1/input/1:0+5465100
2017-10-16 12:32:52,781 INFO org.apache.hadoop.mapred.MapTask: (EQUATOR) 0 kvi 26214396(104857584)
2017-10-16 12:32:52,781 INFO org.apache.hadoop.mapred.MapTask: mapreduce.task.io.sort.mb: 100
2017-10-16 12:32:52,781 INFO org.apache.hadoop.mapred.MapTask: soft limit at 83886080
2017-10-16 12:32:52,781 INFO org.apache.hadoop.mapred.MapTask: bufstart = 0; bufvoid = 104857600
2017-10-16 12:32:52,782 INFO org.apache.hadoop.mapred.MapTask: kvstart = 26214396; length = 6553600
2017-10-16 12:32:52,783 INFO org.apache.hadoop.mapred.MapTask: Map output collector class = org.apache.hadoop.mapred.MapTask$MapOutputBuffer
2017-10-16 12:32:53,403 INFO org.apache.hadoop.mapreduce.Job:  map 100% reduce 0%
2017-10-16 12:32:53,411 INFO org.apache.hadoop.mapred.LocalJobRunner: 
2017-10-16 12:32:53,411 INFO org.apache.hadoop.mapred.MapTask: Starting flush of map output
2017-10-16 12:32:53,411 INFO org.apache.hadoop.mapred.MapTask: Spilling map output
2017-10-16 12:32:53,411 INFO org.apache.hadoop.mapred.MapTask: bufstart = 0; bufend = 9947545; bufvoid = 104857600
2017-10-16 12:32:53,411 INFO org.apache.hadoop.mapred.MapTask: kvstart = 26214396(104857584); kvend = 21525704(86102816); length = 4688693/6553600
2017-10-16 12:32:54,101 INFO org.apache.hadoop.mapred.MapTask: Finished spill 0
2017-10-16 12:32:54,102 INFO org.apache.hadoop.mapred.Task: Task:attempt_local2121179413_0001_m_000001_0 is done. And is in the process of committing
2017-10-16 12:32:54,103 INFO org.apache.hadoop.mapred.LocalJobRunner: map
2017-10-16 12:32:54,103 INFO org.apache.hadoop.mapred.Task: Task 'attempt_local2121179413_0001_m_000001_0' done.
2017-10-16 12:32:54,103 INFO org.apache.hadoop.mapred.LocalJobRunner: Finishing task: attempt_local2121179413_0001_m_000001_0
2017-10-16 12:32:54,103 INFO org.apache.hadoop.mapred.LocalJobRunner: Starting task: attempt_local2121179413_0001_m_000002_0
2017-10-16 12:32:54,104 INFO org.apache.hadoop.mapreduce.lib.output.FileOutputCommitter: File Output Committer Algorithm version is 1
2017-10-16 12:32:54,104 INFO org.apache.hadoop.mapreduce.lib.output.FileOutputCommitter: FileOutputCommitter skip cleanup _temporary folders under output directory:false, ignore cleanup failures: false
2017-10-16 12:32:54,105 INFO org.apache.hadoop.mapred.Task:  Using ResourceCalculatorProcessTree : [ ]
2017-10-16 12:32:54,105 INFO org.apache.hadoop.mapred.MapTask: Processing split: file:/home/cloudera/workspace/ATD1/input/4:0+165832
2017-10-16 12:32:54,114 INFO org.apache.hadoop.mapred.MapTask: (EQUATOR) 0 kvi 26214396(104857584)
2017-10-16 12:32:54,115 INFO org.apache.hadoop.mapred.MapTask: mapreduce.task.io.sort.mb: 100
2017-10-16 12:32:54,115 INFO org.apache.hadoop.mapred.MapTask: soft limit at 83886080
2017-10-16 12:32:54,115 INFO org.apache.hadoop.mapred.MapTask: bufstart = 0; bufvoid = 104857600
2017-10-16 12:32:54,115 INFO org.apache.hadoop.mapred.MapTask: kvstart = 26214396; length = 6553600
2017-10-16 12:32:54,115 INFO org.apache.hadoop.mapred.MapTask: Map output collector class = org.apache.hadoop.mapred.MapTask$MapOutputBuffer
2017-10-16 12:32:54,131 INFO org.apache.hadoop.mapred.LocalJobRunner: 
2017-10-16 12:32:54,131 INFO org.apache.hadoop.mapred.MapTask: Starting flush of map output
2017-10-16 12:32:54,131 INFO org.apache.hadoop.mapred.MapTask: Spilling map output
2017-10-16 12:32:54,131 INFO org.apache.hadoop.mapred.MapTask: bufstart = 0; bufend = 315865; bufvoid = 104857600
2017-10-16 12:32:54,131 INFO org.apache.hadoop.mapred.MapTask: kvstart = 26214396(104857584); kvend = 26068388(104273552); length = 146009/6553600
2017-10-16 12:32:54,155 INFO org.apache.hadoop.mapred.MapTask: Finished spill 0
2017-10-16 12:32:54,156 INFO org.apache.hadoop.mapred.Task: Task:attempt_local2121179413_0001_m_000002_0 is done. And is in the process of committing
2017-10-16 12:32:54,157 INFO org.apache.hadoop.mapred.LocalJobRunner: map
2017-10-16 12:32:54,158 INFO org.apache.hadoop.mapred.Task: Task 'attempt_local2121179413_0001_m_000002_0' done.
2017-10-16 12:32:54,158 INFO org.apache.hadoop.mapred.LocalJobRunner: Finishing task: attempt_local2121179413_0001_m_000002_0
2017-10-16 12:32:54,158 INFO org.apache.hadoop.mapred.LocalJobRunner: Starting task: attempt_local2121179413_0001_m_000003_0
2017-10-16 12:32:54,158 INFO org.apache.hadoop.mapreduce.lib.output.FileOutputCommitter: File Output Committer Algorithm version is 1
2017-10-16 12:32:54,159 INFO org.apache.hadoop.mapreduce.lib.output.FileOutputCommitter: FileOutputCommitter skip cleanup _temporary folders under output directory:false, ignore cleanup failures: false
2017-10-16 12:32:54,159 INFO org.apache.hadoop.mapred.Task:  Using ResourceCalculatorProcessTree : [ ]
2017-10-16 12:32:54,159 INFO org.apache.hadoop.mapred.MapTask: Processing split: file:/home/cloudera/workspace/ATD1/input/5:0+153803
2017-10-16 12:32:54,171 INFO org.apache.hadoop.mapred.MapTask: (EQUATOR) 0 kvi 26214396(104857584)
2017-10-16 12:32:54,171 INFO org.apache.hadoop.mapred.MapTask: mapreduce.task.io.sort.mb: 100
2017-10-16 12:32:54,171 INFO org.apache.hadoop.mapred.MapTask: soft limit at 83886080
2017-10-16 12:32:54,172 INFO org.apache.hadoop.mapred.MapTask: bufstart = 0; bufvoid = 104857600
2017-10-16 12:32:54,172 INFO org.apache.hadoop.mapred.MapTask: kvstart = 26214396; length = 6553600
2017-10-16 12:32:54,173 INFO org.apache.hadoop.mapred.MapTask: Map output collector class = org.apache.hadoop.mapred.MapTask$MapOutputBuffer
2017-10-16 12:32:54,192 INFO org.apache.hadoop.mapred.LocalJobRunner: 
2017-10-16 12:32:54,192 INFO org.apache.hadoop.mapred.MapTask: Starting flush of map output
2017-10-16 12:32:54,192 INFO org.apache.hadoop.mapred.MapTask: Spilling map output
2017-10-16 12:32:54,192 INFO org.apache.hadoop.mapred.MapTask: bufstart = 0; bufend = 309070; bufvoid = 104857600
2017-10-16 12:32:54,192 INFO org.apache.hadoop.mapred.MapTask: kvstart = 26214396(104857584); kvend = 26067012(104268048); length = 147385/6553600
2017-10-16 12:32:54,211 INFO org.apache.hadoop.mapred.MapTask: Finished spill 0
2017-10-16 12:32:54,215 INFO org.apache.hadoop.mapred.Task: Task:attempt_local2121179413_0001_m_000003_0 is done. And is in the process of committing
2017-10-16 12:32:54,217 INFO org.apache.hadoop.mapred.LocalJobRunner: map
2017-10-16 12:32:54,217 INFO org.apache.hadoop.mapred.Task: Task 'attempt_local2121179413_0001_m_000003_0' done.
2017-10-16 12:32:54,217 INFO org.apache.hadoop.mapred.LocalJobRunner: Finishing task: attempt_local2121179413_0001_m_000003_0
2017-10-16 12:32:54,217 INFO org.apache.hadoop.mapred.LocalJobRunner: Starting task: attempt_local2121179413_0001_m_000004_0
2017-10-16 12:32:54,218 INFO org.apache.hadoop.mapreduce.lib.output.FileOutputCommitter: File Output Committer Algorithm version is 1
2017-10-16 12:32:54,218 INFO org.apache.hadoop.mapreduce.lib.output.FileOutputCommitter: FileOutputCommitter skip cleanup _temporary folders under output directory:false, ignore cleanup failures: false
2017-10-16 12:32:54,218 INFO org.apache.hadoop.mapred.Task:  Using ResourceCalculatorProcessTree : [ ]
2017-10-16 12:32:54,219 INFO org.apache.hadoop.mapred.MapTask: Processing split: file:/home/cloudera/workspace/ATD1/input/6:0+138259
2017-10-16 12:32:54,243 INFO org.apache.hadoop.mapred.MapTask: (EQUATOR) 0 kvi 26214396(104857584)
2017-10-16 12:32:54,243 INFO org.apache.hadoop.mapred.MapTask: mapreduce.task.io.sort.mb: 100
2017-10-16 12:32:54,243 INFO org.apache.hadoop.mapred.MapTask: soft limit at 83886080
2017-10-16 12:32:54,243 INFO org.apache.hadoop.mapred.MapTask: bufstart = 0; bufvoid = 104857600
2017-10-16 12:32:54,243 INFO org.apache.hadoop.mapred.MapTask: kvstart = 26214396; length = 6553600
2017-10-16 12:32:54,244 INFO org.apache.hadoop.mapred.MapTask: Map output collector class = org.apache.hadoop.mapred.MapTask$MapOutputBuffer
2017-10-16 12:32:54,260 INFO org.apache.hadoop.mapred.LocalJobRunner: 
2017-10-16 12:32:54,260 INFO org.apache.hadoop.mapred.MapTask: Starting flush of map output
2017-10-16 12:32:54,260 INFO org.apache.hadoop.mapred.MapTask: Spilling map output
2017-10-16 12:32:54,260 INFO org.apache.hadoop.mapred.MapTask: bufstart = 0; bufend = 248471; bufvoid = 104857600
2017-10-16 12:32:54,260 INFO org.apache.hadoop.mapred.MapTask: kvstart = 26214396(104857584); kvend = 26098236(104392944); length = 116161/6553600
2017-10-16 12:32:54,273 INFO org.apache.hadoop.mapred.MapTask: Finished spill 0
2017-10-16 12:32:54,274 INFO org.apache.hadoop.mapred.Task: Task:attempt_local2121179413_0001_m_000004_0 is done. And is in the process of committing
2017-10-16 12:32:54,275 INFO org.apache.hadoop.mapred.LocalJobRunner: map
2017-10-16 12:32:54,275 INFO org.apache.hadoop.mapred.Task: Task 'attempt_local2121179413_0001_m_000004_0' done.
2017-10-16 12:32:54,275 INFO org.apache.hadoop.mapred.LocalJobRunner: Finishing task: attempt_local2121179413_0001_m_000004_0
2017-10-16 12:32:54,275 INFO org.apache.hadoop.mapred.LocalJobRunner: Starting task: attempt_local2121179413_0001_m_000005_0
2017-10-16 12:32:54,276 INFO org.apache.hadoop.mapreduce.lib.output.FileOutputCommitter: File Output Committer Algorithm version is 1
2017-10-16 12:32:54,276 INFO org.apache.hadoop.mapreduce.lib.output.FileOutputCommitter: FileOutputCommitter skip cleanup _temporary folders under output directory:false, ignore cleanup failures: false
2017-10-16 12:32:54,276 INFO org.apache.hadoop.mapred.Task:  Using ResourceCalculatorProcessTree : [ ]
2017-10-16 12:32:54,278 INFO org.apache.hadoop.mapred.MapTask: Processing split: file:/home/cloudera/workspace/ATD1/input/2:0+1968
2017-10-16 12:32:54,289 INFO org.apache.hadoop.mapred.MapTask: (EQUATOR) 0 kvi 26214396(104857584)
2017-10-16 12:32:54,289 INFO org.apache.hadoop.mapred.MapTask: mapreduce.task.io.sort.mb: 100
2017-10-16 12:32:54,289 INFO org.apache.hadoop.mapred.MapTask: soft limit at 83886080
2017-10-16 12:32:54,289 INFO org.apache.hadoop.mapred.MapTask: bufstart = 0; bufvoid = 104857600
2017-10-16 12:32:54,289 INFO org.apache.hadoop.mapred.MapTask: kvstart = 26214396; length = 6553600
2017-10-16 12:32:54,291 INFO org.apache.hadoop.mapred.MapTask: Map output collector class = org.apache.hadoop.mapred.MapTask$MapOutputBuffer
2017-10-16 12:32:54,293 INFO org.apache.hadoop.mapred.LocalJobRunner: 
2017-10-16 12:32:54,293 INFO org.apache.hadoop.mapred.MapTask: Starting flush of map output
2017-10-16 12:32:54,293 INFO org.apache.hadoop.mapred.MapTask: Spilling map output
2017-10-16 12:32:54,293 INFO org.apache.hadoop.mapred.MapTask: bufstart = 0; bufend = 3648; bufvoid = 104857600
2017-10-16 12:32:54,293 INFO org.apache.hadoop.mapred.MapTask: kvstart = 26214396(104857584); kvend = 26212768(104851072); length = 1629/6553600
2017-10-16 12:32:54,294 INFO org.apache.hadoop.mapred.MapTask: Finished spill 0
2017-10-16 12:32:54,295 INFO org.apache.hadoop.mapred.Task: Task:attempt_local2121179413_0001_m_000005_0 is done. And is in the process of committing
2017-10-16 12:32:54,296 INFO org.apache.hadoop.mapred.LocalJobRunner: map
2017-10-16 12:32:54,296 INFO org.apache.hadoop.mapred.Task: Task 'attempt_local2121179413_0001_m_000005_0' done.
2017-10-16 12:32:54,296 INFO org.apache.hadoop.mapred.LocalJobRunner: Finishing task: attempt_local2121179413_0001_m_000005_0
2017-10-16 12:32:54,296 INFO org.apache.hadoop.mapred.LocalJobRunner: map task executor complete.
2017-10-16 12:32:54,297 INFO org.apache.hadoop.mapred.LocalJobRunner: Waiting for reduce tasks
2017-10-16 12:32:54,298 INFO org.apache.hadoop.mapred.LocalJobRunner: Starting task: attempt_local2121179413_0001_r_000000_0
2017-10-16 12:32:54,301 INFO org.apache.hadoop.mapreduce.lib.output.FileOutputCommitter: File Output Committer Algorithm version is 1
2017-10-16 12:32:54,301 INFO org.apache.hadoop.mapreduce.lib.output.FileOutputCommitter: FileOutputCommitter skip cleanup _temporary folders under output directory:false, ignore cleanup failures: false
2017-10-16 12:32:54,301 INFO org.apache.hadoop.mapred.Task:  Using ResourceCalculatorProcessTree : [ ]
2017-10-16 12:32:54,303 INFO org.apache.hadoop.mapred.ReduceTask: Using ShuffleConsumerPlugin: org.apache.hadoop.mapreduce.task.reduce.Shuffle@20700fb1
2017-10-16 12:32:54,310 INFO org.apache.hadoop.mapreduce.task.reduce.MergeManagerImpl: MergerManager: memoryLimit=1284138624, maxSingleShuffleLimit=321034656, mergeThreshold=847531520, ioSortFactor=10, memToMemMergeOutputsThreshold=10
2017-10-16 12:32:54,312 INFO org.apache.hadoop.mapreduce.task.reduce.EventFetcher: attempt_local2121179413_0001_r_000000_0 Thread started: EventFetcher for fetching Map Completion Events
2017-10-16 12:32:54,330 INFO org.apache.hadoop.mapreduce.task.reduce.LocalFetcher: localfetcher#1 about to shuffle output of map attempt_local2121179413_0001_m_000003_0 decomp: 2 len: 6 to MEMORY
2017-10-16 12:32:54,332 INFO org.apache.hadoop.mapreduce.task.reduce.InMemoryMapOutput: Read 2 bytes from map-output for attempt_local2121179413_0001_m_000003_0
2017-10-16 12:32:54,333 INFO org.apache.hadoop.mapreduce.task.reduce.MergeManagerImpl: closeInMemoryFile -> map-output of size: 2, inMemoryMapOutputs.size() -> 1, commitMemory -> 0, usedMemory ->2
2017-10-16 12:32:54,335 INFO org.apache.hadoop.mapreduce.task.reduce.LocalFetcher: localfetcher#1 about to shuffle output of map attempt_local2121179413_0001_m_000000_0 decomp: 971 len: 975 to MEMORY
2017-10-16 12:32:54,335 INFO org.apache.hadoop.mapreduce.task.reduce.InMemoryMapOutput: Read 971 bytes from map-output for attempt_local2121179413_0001_m_000000_0
2017-10-16 12:32:54,336 INFO org.apache.hadoop.mapreduce.task.reduce.MergeManagerImpl: closeInMemoryFile -> map-output of size: 971, inMemoryMapOutputs.size() -> 2, commitMemory -> 2, usedMemory ->973
2017-10-16 12:32:54,336 INFO org.apache.hadoop.mapreduce.task.reduce.LocalFetcher: localfetcher#1 about to shuffle output of map attempt_local2121179413_0001_m_000001_0 decomp: 376 len: 380 to MEMORY
2017-10-16 12:32:54,337 INFO org.apache.hadoop.mapreduce.task.reduce.InMemoryMapOutput: Read 376 bytes from map-output for attempt_local2121179413_0001_m_000001_0
2017-10-16 12:32:54,337 INFO org.apache.hadoop.mapreduce.task.reduce.MergeManagerImpl: closeInMemoryFile -> map-output of size: 376, inMemoryMapOutputs.size() -> 3, commitMemory -> 973, usedMemory ->1349
2017-10-16 12:32:54,337 INFO org.apache.hadoop.mapreduce.task.reduce.LocalFetcher: localfetcher#1 about to shuffle output of map attempt_local2121179413_0001_m_000004_0 decomp: 2 len: 6 to MEMORY
2017-10-16 12:32:54,338 INFO org.apache.hadoop.mapreduce.task.reduce.InMemoryMapOutput: Read 2 bytes from map-output for attempt_local2121179413_0001_m_000004_0
2017-10-16 12:32:54,338 INFO org.apache.hadoop.mapreduce.task.reduce.MergeManagerImpl: closeInMemoryFile -> map-output of size: 2, inMemoryMapOutputs.size() -> 4, commitMemory -> 1349, usedMemory ->1351
2017-10-16 12:32:54,338 INFO org.apache.hadoop.mapreduce.task.reduce.LocalFetcher: localfetcher#1 about to shuffle output of map attempt_local2121179413_0001_m_000005_0 decomp: 2 len: 6 to MEMORY
2017-10-16 12:32:54,339 INFO org.apache.hadoop.mapreduce.task.reduce.InMemoryMapOutput: Read 2 bytes from map-output for attempt_local2121179413_0001_m_000005_0
2017-10-16 12:32:54,339 INFO org.apache.hadoop.mapreduce.task.reduce.MergeManagerImpl: closeInMemoryFile -> map-output of size: 2, inMemoryMapOutputs.size() -> 5, commitMemory -> 1351, usedMemory ->1353
2017-10-16 12:32:54,339 INFO org.apache.hadoop.mapreduce.task.reduce.LocalFetcher: localfetcher#1 about to shuffle output of map attempt_local2121179413_0001_m_000002_0 decomp: 2 len: 6 to MEMORY
2017-10-16 12:32:54,340 INFO org.apache.hadoop.mapreduce.task.reduce.InMemoryMapOutput: Read 2 bytes from map-output for attempt_local2121179413_0001_m_000002_0
2017-10-16 12:32:54,340 INFO org.apache.hadoop.mapreduce.task.reduce.MergeManagerImpl: closeInMemoryFile -> map-output of size: 2, inMemoryMapOutputs.size() -> 6, commitMemory -> 1353, usedMemory ->1355
2017-10-16 12:32:54,340 INFO org.apache.hadoop.mapreduce.task.reduce.EventFetcher: EventFetcher is interrupted.. Returning
2017-10-16 12:32:54,340 INFO org.apache.hadoop.mapred.LocalJobRunner: 6 / 6 copied.
2017-10-16 12:32:54,341 INFO org.apache.hadoop.mapreduce.task.reduce.MergeManagerImpl: finalMerge called with 6 in-memory map-outputs and 0 on-disk map-outputs
2017-10-16 12:32:54,344 INFO org.apache.hadoop.mapred.Merger: Merging 6 sorted segments
2017-10-16 12:32:54,344 INFO org.apache.hadoop.mapred.Merger: Down to the last merge-pass, with 2 segments left of total size: 1339 bytes
2017-10-16 12:32:54,346 INFO org.apache.hadoop.mapreduce.task.reduce.MergeManagerImpl: Merged 6 segments, 1355 bytes to disk to satisfy reduce memory limit
2017-10-16 12:32:54,346 INFO org.apache.hadoop.mapreduce.task.reduce.MergeManagerImpl: Merging 1 files, 1349 bytes from disk
2017-10-16 12:32:54,346 INFO org.apache.hadoop.mapreduce.task.reduce.MergeManagerImpl: Merging 0 segments, 0 bytes from memory into reduce
2017-10-16 12:32:54,346 INFO org.apache.hadoop.mapred.Merger: Merging 1 sorted segments
2017-10-16 12:32:54,346 INFO org.apache.hadoop.mapred.Merger: Down to the last merge-pass, with 1 segments left of total size: 1341 bytes
2017-10-16 12:32:54,347 INFO org.apache.hadoop.mapred.LocalJobRunner: 6 / 6 copied.
2017-10-16 12:32:54,352 INFO org.apache.hadoop.conf.Configuration.deprecation: mapred.skip.on is deprecated. Instead, use mapreduce.job.skiprecords
2017-10-16 12:32:54,355 INFO org.apache.hadoop.mapred.Task: Task:attempt_local2121179413_0001_r_000000_0 is done. And is in the process of committing
2017-10-16 12:32:54,356 INFO org.apache.hadoop.mapred.LocalJobRunner: 6 / 6 copied.
2017-10-16 12:32:54,356 INFO org.apache.hadoop.mapred.Task: Task attempt_local2121179413_0001_r_000000_0 is allowed to commit now
2017-10-16 12:32:54,357 INFO org.apache.hadoop.mapreduce.lib.output.FileOutputCommitter: Saved output of task 'attempt_local2121179413_0001_r_000000_0' to file:/home/cloudera/workspace/ATD1/output/_temporary/0/task_local2121179413_0001_r_000000
2017-10-16 12:32:54,357 INFO org.apache.hadoop.mapred.LocalJobRunner: reduce > reduce
2017-10-16 12:32:54,357 INFO org.apache.hadoop.mapred.Task: Task 'attempt_local2121179413_0001_r_000000_0' done.
2017-10-16 12:32:54,357 INFO org.apache.hadoop.mapred.LocalJobRunner: Finishing task: attempt_local2121179413_0001_r_000000_0
2017-10-16 12:32:54,357 INFO org.apache.hadoop.mapred.LocalJobRunner: reduce task executor complete.
2017-10-16 12:32:54,407 INFO org.apache.hadoop.mapreduce.Job:  map 100% reduce 100%
2017-10-16 12:32:54,407 INFO org.apache.hadoop.mapreduce.Job: Job job_local2121179413_0001 completed successfully
2017-10-16 12:32:54,423 INFO org.apache.hadoop.mapreduce.Job: Counters: 30
	File System Counters
		FILE: Number of bytes read=141890058
		FILE: Number of bytes written=2097692
		FILE: Number of read operations=0
		FILE: Number of large read operations=0
		FILE: Number of write operations=0
	Map-Reduce Framework
		Map input records=432641
		Map output records=4576844
		Map output bytes=39671425
		Map output materialized bytes=1379
		Input split bytes=642
		Combine input records=4576844
		Combine output records=138
		Reduce input groups=101
		Reduce shuffle bytes=1379
		Reduce input records=138
		Reduce output records=101
		Spilled Records=276
		Shuffled Maps =6
		Failed Shuffles=0
		Merged Map outputs=6
		GC time elapsed (ms)=150
		Total committed heap usage (bytes)=6131548160
	Shuffle Errors
		BAD_ID=0
		CONNECTION=0
		IO_ERROR=0
		WRONG_LENGTH=0
		WRONG_MAP=0
		WRONG_REDUCE=0
	File Input Format Counters 
		Bytes Read=21241484
	File Output Format Counters 
		Bytes Written=969
2017-10-16 13:11:16,316 WARN org.apache.hadoop.util.NativeCodeLoader: Unable to load native-hadoop library for your platform... using builtin-java classes where applicable
2017-10-16 13:11:16,795 INFO org.apache.hadoop.conf.Configuration.deprecation: session.id is deprecated. Instead, use dfs.metrics.session-id
2017-10-16 13:11:16,796 INFO org.apache.hadoop.metrics.jvm.JvmMetrics: Initializing JVM Metrics with processName=JobTracker, sessionId=
2017-10-16 13:11:16,811 WARN org.apache.hadoop.security.UserGroupInformation: PriviledgedActionException as:cloudera (auth:SIMPLE) cause:org.apache.hadoop.mapred.FileAlreadyExistsException: Output directory file:/home/cloudera/workspace/ATD1/output already exists
2017-10-16 13:11:30,487 WARN org.apache.hadoop.util.NativeCodeLoader: Unable to load native-hadoop library for your platform... using builtin-java classes where applicable
2017-10-16 13:11:44,918 WARN org.apache.hadoop.util.NativeCodeLoader: Unable to load native-hadoop library for your platform... using builtin-java classes where applicable
2017-10-16 13:11:45,258 INFO org.apache.hadoop.conf.Configuration.deprecation: session.id is deprecated. Instead, use dfs.metrics.session-id
2017-10-16 13:11:45,259 INFO org.apache.hadoop.metrics.jvm.JvmMetrics: Initializing JVM Metrics with processName=JobTracker, sessionId=
2017-10-16 13:11:45,269 WARN org.apache.hadoop.security.UserGroupInformation: PriviledgedActionException as:cloudera (auth:SIMPLE) cause:org.apache.hadoop.mapred.FileAlreadyExistsException: Output directory file:/home/cloudera/workspace/ATD1/output already exists
2017-10-16 13:13:45,249 WARN org.apache.hadoop.util.NativeCodeLoader: Unable to load native-hadoop library for your platform... using builtin-java classes where applicable
2017-10-16 13:13:45,675 INFO org.apache.hadoop.conf.Configuration.deprecation: session.id is deprecated. Instead, use dfs.metrics.session-id
2017-10-16 13:13:45,676 INFO org.apache.hadoop.metrics.jvm.JvmMetrics: Initializing JVM Metrics with processName=JobTracker, sessionId=
2017-10-16 13:13:45,703 WARN org.apache.hadoop.security.UserGroupInformation: PriviledgedActionException as:cloudera (auth:SIMPLE) cause:org.apache.hadoop.mapred.FileAlreadyExistsException: Output directory file:/home/cloudera/workspace/ATD1/output already exists
2017-10-16 13:14:01,073 WARN org.apache.hadoop.util.NativeCodeLoader: Unable to load native-hadoop library for your platform... using builtin-java classes where applicable
2017-10-16 13:14:01,515 INFO org.apache.hadoop.conf.Configuration.deprecation: session.id is deprecated. Instead, use dfs.metrics.session-id
2017-10-16 13:14:01,516 INFO org.apache.hadoop.metrics.jvm.JvmMetrics: Initializing JVM Metrics with processName=JobTracker, sessionId=
2017-10-16 13:14:01,531 WARN org.apache.hadoop.security.UserGroupInformation: PriviledgedActionException as:cloudera (auth:SIMPLE) cause:org.apache.hadoop.mapred.FileAlreadyExistsException: Output directory file:/home/cloudera/workspace/ATD1/output already exists
2017-10-16 13:14:24,088 WARN org.apache.hadoop.util.NativeCodeLoader: Unable to load native-hadoop library for your platform... using builtin-java classes where applicable
2017-10-16 13:14:24,487 INFO org.apache.hadoop.conf.Configuration.deprecation: session.id is deprecated. Instead, use dfs.metrics.session-id
2017-10-16 13:14:24,489 INFO org.apache.hadoop.metrics.jvm.JvmMetrics: Initializing JVM Metrics with processName=JobTracker, sessionId=
2017-10-16 13:14:24,690 WARN org.apache.hadoop.mapreduce.JobResourceUploader: No job jar file set.  User classes may not be found. See Job or Job#setJar(String).
2017-10-16 13:14:24,704 INFO org.apache.hadoop.mapreduce.lib.input.FileInputFormat: Total input paths to process : 6
2017-10-16 13:14:24,731 INFO org.apache.hadoop.mapreduce.JobSubmitter: number of splits:6
2017-10-16 13:14:24,890 INFO org.apache.hadoop.mapreduce.JobSubmitter: Submitting tokens for job: job_local503410344_0001
2017-10-16 13:14:25,157 INFO org.apache.hadoop.mapreduce.Job: The url to track the job: http://localhost:8080/
2017-10-16 13:14:25,157 INFO org.apache.hadoop.mapreduce.Job: Running job: job_local503410344_0001
2017-10-16 13:14:25,158 INFO org.apache.hadoop.mapred.LocalJobRunner: OutputCommitter set in config null
2017-10-16 13:14:25,161 INFO org.apache.hadoop.mapreduce.lib.output.FileOutputCommitter: File Output Committer Algorithm version is 1
2017-10-16 13:14:25,161 INFO org.apache.hadoop.mapreduce.lib.output.FileOutputCommitter: FileOutputCommitter skip cleanup _temporary folders under output directory:false, ignore cleanup failures: false
2017-10-16 13:14:25,161 INFO org.apache.hadoop.mapred.LocalJobRunner: OutputCommitter is org.apache.hadoop.mapreduce.lib.output.FileOutputCommitter
2017-10-16 13:14:25,221 INFO org.apache.hadoop.mapred.LocalJobRunner: Waiting for map tasks
2017-10-16 13:14:25,221 INFO org.apache.hadoop.mapred.LocalJobRunner: Starting task: attempt_local503410344_0001_m_000000_0
2017-10-16 13:14:25,248 INFO org.apache.hadoop.mapreduce.lib.output.FileOutputCommitter: File Output Committer Algorithm version is 1
2017-10-16 13:14:25,248 INFO org.apache.hadoop.mapreduce.lib.output.FileOutputCommitter: FileOutputCommitter skip cleanup _temporary folders under output directory:false, ignore cleanup failures: false
2017-10-16 13:14:25,254 INFO org.apache.hadoop.mapred.Task:  Using ResourceCalculatorProcessTree : [ ]
2017-10-16 13:14:25,257 INFO org.apache.hadoop.mapred.MapTask: Processing split: file:/home/cloudera/workspace/ATD1/input/3:0+15316522
2017-10-16 13:14:25,291 INFO org.apache.hadoop.mapred.MapTask: (EQUATOR) 0 kvi 26214396(104857584)
2017-10-16 13:14:25,292 INFO org.apache.hadoop.mapred.MapTask: mapreduce.task.io.sort.mb: 100
2017-10-16 13:14:25,292 INFO org.apache.hadoop.mapred.MapTask: soft limit at 83886080
2017-10-16 13:14:25,292 INFO org.apache.hadoop.mapred.MapTask: bufstart = 0; bufvoid = 104857600
2017-10-16 13:14:25,292 INFO org.apache.hadoop.mapred.MapTask: kvstart = 26214396; length = 6553600
2017-10-16 13:14:25,295 INFO org.apache.hadoop.mapred.MapTask: Map output collector class = org.apache.hadoop.mapred.MapTask$MapOutputBuffer
2017-10-16 13:14:26,160 INFO org.apache.hadoop.mapreduce.Job: Job job_local503410344_0001 running in uber mode : false
2017-10-16 13:14:26,161 INFO org.apache.hadoop.mapreduce.Job:  map 0% reduce 0%
2017-10-16 13:14:27,686 INFO org.apache.hadoop.mapred.LocalJobRunner: 
2017-10-16 13:14:27,687 INFO org.apache.hadoop.mapred.MapTask: Starting flush of map output
2017-10-16 13:14:27,687 INFO org.apache.hadoop.mapred.MapTask: Spilling map output
2017-10-16 13:14:27,687 INFO org.apache.hadoop.mapred.MapTask: bufstart = 0; bufend = 28846826; bufvoid = 104857600
2017-10-16 13:14:27,687 INFO org.apache.hadoop.mapred.MapTask: kvstart = 26214396(104857584); kvend = 13006916(52027664); length = 13207481/6553600
2017-10-16 13:14:30,583 INFO org.apache.hadoop.mapred.MapTask: Finished spill 0
2017-10-16 13:14:30,586 INFO org.apache.hadoop.mapred.Task: Task:attempt_local503410344_0001_m_000000_0 is done. And is in the process of committing
2017-10-16 13:14:30,610 INFO org.apache.hadoop.mapred.LocalJobRunner: map
2017-10-16 13:14:30,610 INFO org.apache.hadoop.mapred.Task: Task 'attempt_local503410344_0001_m_000000_0' done.
2017-10-16 13:14:30,610 INFO org.apache.hadoop.mapred.LocalJobRunner: Finishing task: attempt_local503410344_0001_m_000000_0
2017-10-16 13:14:30,610 INFO org.apache.hadoop.mapred.LocalJobRunner: Starting task: attempt_local503410344_0001_m_000001_0
2017-10-16 13:14:30,613 INFO org.apache.hadoop.mapreduce.lib.output.FileOutputCommitter: File Output Committer Algorithm version is 1
2017-10-16 13:14:30,613 INFO org.apache.hadoop.mapreduce.lib.output.FileOutputCommitter: FileOutputCommitter skip cleanup _temporary folders under output directory:false, ignore cleanup failures: false
2017-10-16 13:14:30,613 INFO org.apache.hadoop.mapred.Task:  Using ResourceCalculatorProcessTree : [ ]
2017-10-16 13:14:30,614 INFO org.apache.hadoop.mapred.MapTask: Processing split: file:/home/cloudera/workspace/ATD1/input/1:0+5465100
2017-10-16 13:14:30,637 INFO org.apache.hadoop.mapred.MapTask: (EQUATOR) 0 kvi 26214396(104857584)
2017-10-16 13:14:30,637 INFO org.apache.hadoop.mapred.MapTask: mapreduce.task.io.sort.mb: 100
2017-10-16 13:14:30,637 INFO org.apache.hadoop.mapred.MapTask: soft limit at 83886080
2017-10-16 13:14:30,637 INFO org.apache.hadoop.mapred.MapTask: bufstart = 0; bufvoid = 104857600
2017-10-16 13:14:30,637 INFO org.apache.hadoop.mapred.MapTask: kvstart = 26214396; length = 6553600
2017-10-16 13:14:30,638 INFO org.apache.hadoop.mapred.MapTask: Map output collector class = org.apache.hadoop.mapred.MapTask$MapOutputBuffer
2017-10-16 13:14:31,210 INFO org.apache.hadoop.mapreduce.Job:  map 100% reduce 0%
2017-10-16 13:14:31,362 INFO org.apache.hadoop.mapred.LocalJobRunner: 
2017-10-16 13:14:31,363 INFO org.apache.hadoop.mapred.MapTask: Starting flush of map output
2017-10-16 13:14:31,363 INFO org.apache.hadoop.mapred.MapTask: Spilling map output
2017-10-16 13:14:31,363 INFO org.apache.hadoop.mapred.MapTask: bufstart = 0; bufend = 9947545; bufvoid = 104857600
2017-10-16 13:14:31,363 INFO org.apache.hadoop.mapred.MapTask: kvstart = 26214396(104857584); kvend = 21525704(86102816); length = 4688693/6553600
2017-10-16 13:14:32,212 INFO org.apache.hadoop.mapreduce.Job:  map 17% reduce 0%
2017-10-16 13:14:32,256 INFO org.apache.hadoop.mapred.MapTask: Finished spill 0
2017-10-16 13:14:32,258 INFO org.apache.hadoop.mapred.Task: Task:attempt_local503410344_0001_m_000001_0 is done. And is in the process of committing
2017-10-16 13:14:32,259 INFO org.apache.hadoop.mapred.LocalJobRunner: map
2017-10-16 13:14:32,259 INFO org.apache.hadoop.mapred.Task: Task 'attempt_local503410344_0001_m_000001_0' done.
2017-10-16 13:14:32,259 INFO org.apache.hadoop.mapred.LocalJobRunner: Finishing task: attempt_local503410344_0001_m_000001_0
2017-10-16 13:14:32,259 INFO org.apache.hadoop.mapred.LocalJobRunner: Starting task: attempt_local503410344_0001_m_000002_0
2017-10-16 13:14:32,260 INFO org.apache.hadoop.mapreduce.lib.output.FileOutputCommitter: File Output Committer Algorithm version is 1
2017-10-16 13:14:32,260 INFO org.apache.hadoop.mapreduce.lib.output.FileOutputCommitter: FileOutputCommitter skip cleanup _temporary folders under output directory:false, ignore cleanup failures: false
2017-10-16 13:14:32,260 INFO org.apache.hadoop.mapred.Task:  Using ResourceCalculatorProcessTree : [ ]
2017-10-16 13:14:32,261 INFO org.apache.hadoop.mapred.MapTask: Processing split: file:/home/cloudera/workspace/ATD1/input/4:0+165832
2017-10-16 13:14:32,274 INFO org.apache.hadoop.mapred.MapTask: (EQUATOR) 0 kvi 26214396(104857584)
2017-10-16 13:14:32,274 INFO org.apache.hadoop.mapred.MapTask: mapreduce.task.io.sort.mb: 100
2017-10-16 13:14:32,274 INFO org.apache.hadoop.mapred.MapTask: soft limit at 83886080
2017-10-16 13:14:32,274 INFO org.apache.hadoop.mapred.MapTask: bufstart = 0; bufvoid = 104857600
2017-10-16 13:14:32,274 INFO org.apache.hadoop.mapred.MapTask: kvstart = 26214396; length = 6553600
2017-10-16 13:14:32,274 INFO org.apache.hadoop.mapred.MapTask: Map output collector class = org.apache.hadoop.mapred.MapTask$MapOutputBuffer
2017-10-16 13:14:32,290 INFO org.apache.hadoop.mapred.LocalJobRunner: 
2017-10-16 13:14:32,290 INFO org.apache.hadoop.mapred.MapTask: Starting flush of map output
2017-10-16 13:14:32,290 INFO org.apache.hadoop.mapred.MapTask: Spilling map output
2017-10-16 13:14:32,290 INFO org.apache.hadoop.mapred.MapTask: bufstart = 0; bufend = 315865; bufvoid = 104857600
2017-10-16 13:14:32,290 INFO org.apache.hadoop.mapred.MapTask: kvstart = 26214396(104857584); kvend = 26068388(104273552); length = 146009/6553600
2017-10-16 13:14:32,306 INFO org.apache.hadoop.mapred.MapTask: Finished spill 0
2017-10-16 13:14:32,307 INFO org.apache.hadoop.mapred.Task: Task:attempt_local503410344_0001_m_000002_0 is done. And is in the process of committing
2017-10-16 13:14:32,308 INFO org.apache.hadoop.mapred.LocalJobRunner: map
2017-10-16 13:14:32,308 INFO org.apache.hadoop.mapred.Task: Task 'attempt_local503410344_0001_m_000002_0' done.
2017-10-16 13:14:32,308 INFO org.apache.hadoop.mapred.LocalJobRunner: Finishing task: attempt_local503410344_0001_m_000002_0
2017-10-16 13:14:32,309 INFO org.apache.hadoop.mapred.LocalJobRunner: Starting task: attempt_local503410344_0001_m_000003_0
2017-10-16 13:14:32,309 INFO org.apache.hadoop.mapreduce.lib.output.FileOutputCommitter: File Output Committer Algorithm version is 1
2017-10-16 13:14:32,309 INFO org.apache.hadoop.mapreduce.lib.output.FileOutputCommitter: FileOutputCommitter skip cleanup _temporary folders under output directory:false, ignore cleanup failures: false
2017-10-16 13:14:32,309 INFO org.apache.hadoop.mapred.Task:  Using ResourceCalculatorProcessTree : [ ]
2017-10-16 13:14:32,310 INFO org.apache.hadoop.mapred.MapTask: Processing split: file:/home/cloudera/workspace/ATD1/input/5:0+153803
2017-10-16 13:14:32,324 INFO org.apache.hadoop.mapred.MapTask: (EQUATOR) 0 kvi 26214396(104857584)
2017-10-16 13:14:32,324 INFO org.apache.hadoop.mapred.MapTask: mapreduce.task.io.sort.mb: 100
2017-10-16 13:14:32,324 INFO org.apache.hadoop.mapred.MapTask: soft limit at 83886080
2017-10-16 13:14:32,325 INFO org.apache.hadoop.mapred.MapTask: bufstart = 0; bufvoid = 104857600
2017-10-16 13:14:32,325 INFO org.apache.hadoop.mapred.MapTask: kvstart = 26214396; length = 6553600
2017-10-16 13:14:32,325 INFO org.apache.hadoop.mapred.MapTask: Map output collector class = org.apache.hadoop.mapred.MapTask$MapOutputBuffer
2017-10-16 13:14:32,349 INFO org.apache.hadoop.mapred.LocalJobRunner: 
2017-10-16 13:14:32,349 INFO org.apache.hadoop.mapred.MapTask: Starting flush of map output
2017-10-16 13:14:32,349 INFO org.apache.hadoop.mapred.MapTask: Spilling map output
2017-10-16 13:14:32,349 INFO org.apache.hadoop.mapred.MapTask: bufstart = 0; bufend = 309070; bufvoid = 104857600
2017-10-16 13:14:32,349 INFO org.apache.hadoop.mapred.MapTask: kvstart = 26214396(104857584); kvend = 26067012(104268048); length = 147385/6553600
2017-10-16 13:14:32,377 INFO org.apache.hadoop.mapred.MapTask: Finished spill 0
2017-10-16 13:14:32,378 INFO org.apache.hadoop.mapred.Task: Task:attempt_local503410344_0001_m_000003_0 is done. And is in the process of committing
2017-10-16 13:14:32,380 INFO org.apache.hadoop.mapred.LocalJobRunner: map
2017-10-16 13:14:32,380 INFO org.apache.hadoop.mapred.Task: Task 'attempt_local503410344_0001_m_000003_0' done.
2017-10-16 13:14:32,380 INFO org.apache.hadoop.mapred.LocalJobRunner: Finishing task: attempt_local503410344_0001_m_000003_0
2017-10-16 13:14:32,380 INFO org.apache.hadoop.mapred.LocalJobRunner: Starting task: attempt_local503410344_0001_m_000004_0
2017-10-16 13:14:32,380 INFO org.apache.hadoop.mapreduce.lib.output.FileOutputCommitter: File Output Committer Algorithm version is 1
2017-10-16 13:14:32,381 INFO org.apache.hadoop.mapreduce.lib.output.FileOutputCommitter: FileOutputCommitter skip cleanup _temporary folders under output directory:false, ignore cleanup failures: false
2017-10-16 13:14:32,381 INFO org.apache.hadoop.mapred.Task:  Using ResourceCalculatorProcessTree : [ ]
2017-10-16 13:14:32,381 INFO org.apache.hadoop.mapred.MapTask: Processing split: file:/home/cloudera/workspace/ATD1/input/6:0+138259
2017-10-16 13:14:32,408 INFO org.apache.hadoop.mapred.MapTask: (EQUATOR) 0 kvi 26214396(104857584)
2017-10-16 13:14:32,409 INFO org.apache.hadoop.mapred.MapTask: mapreduce.task.io.sort.mb: 100
2017-10-16 13:14:32,409 INFO org.apache.hadoop.mapred.MapTask: soft limit at 83886080
2017-10-16 13:14:32,409 INFO org.apache.hadoop.mapred.MapTask: bufstart = 0; bufvoid = 104857600
2017-10-16 13:14:32,409 INFO org.apache.hadoop.mapred.MapTask: kvstart = 26214396; length = 6553600
2017-10-16 13:14:32,409 INFO org.apache.hadoop.mapred.MapTask: Map output collector class = org.apache.hadoop.mapred.MapTask$MapOutputBuffer
2017-10-16 13:14:32,428 INFO org.apache.hadoop.mapred.LocalJobRunner: 
2017-10-16 13:14:32,429 INFO org.apache.hadoop.mapred.MapTask: Starting flush of map output
2017-10-16 13:14:32,429 INFO org.apache.hadoop.mapred.MapTask: Spilling map output
2017-10-16 13:14:32,429 INFO org.apache.hadoop.mapred.MapTask: bufstart = 0; bufend = 248471; bufvoid = 104857600
2017-10-16 13:14:32,429 INFO org.apache.hadoop.mapred.MapTask: kvstart = 26214396(104857584); kvend = 26098236(104392944); length = 116161/6553600
2017-10-16 13:14:32,441 INFO org.apache.hadoop.mapred.MapTask: Finished spill 0
2017-10-16 13:14:32,442 INFO org.apache.hadoop.mapred.Task: Task:attempt_local503410344_0001_m_000004_0 is done. And is in the process of committing
2017-10-16 13:14:32,443 INFO org.apache.hadoop.mapred.LocalJobRunner: map
2017-10-16 13:14:32,444 INFO org.apache.hadoop.mapred.Task: Task 'attempt_local503410344_0001_m_000004_0' done.
2017-10-16 13:14:32,444 INFO org.apache.hadoop.mapred.LocalJobRunner: Finishing task: attempt_local503410344_0001_m_000004_0
2017-10-16 13:14:32,444 INFO org.apache.hadoop.mapred.LocalJobRunner: Starting task: attempt_local503410344_0001_m_000005_0
2017-10-16 13:14:32,444 INFO org.apache.hadoop.mapreduce.lib.output.FileOutputCommitter: File Output Committer Algorithm version is 1
2017-10-16 13:14:32,444 INFO org.apache.hadoop.mapreduce.lib.output.FileOutputCommitter: FileOutputCommitter skip cleanup _temporary folders under output directory:false, ignore cleanup failures: false
2017-10-16 13:14:32,445 INFO org.apache.hadoop.mapred.Task:  Using ResourceCalculatorProcessTree : [ ]
2017-10-16 13:14:32,447 INFO org.apache.hadoop.mapred.MapTask: Processing split: file:/home/cloudera/workspace/ATD1/input/2:0+1968
2017-10-16 13:14:32,465 INFO org.apache.hadoop.mapred.MapTask: (EQUATOR) 0 kvi 26214396(104857584)
2017-10-16 13:14:32,468 INFO org.apache.hadoop.mapred.MapTask: mapreduce.task.io.sort.mb: 100
2017-10-16 13:14:32,468 INFO org.apache.hadoop.mapred.MapTask: soft limit at 83886080
2017-10-16 13:14:32,468 INFO org.apache.hadoop.mapred.MapTask: bufstart = 0; bufvoid = 104857600
2017-10-16 13:14:32,468 INFO org.apache.hadoop.mapred.MapTask: kvstart = 26214396; length = 6553600
2017-10-16 13:14:32,468 INFO org.apache.hadoop.mapred.MapTask: Map output collector class = org.apache.hadoop.mapred.MapTask$MapOutputBuffer
2017-10-16 13:14:32,469 INFO org.apache.hadoop.mapred.LocalJobRunner: 
2017-10-16 13:14:32,469 INFO org.apache.hadoop.mapred.MapTask: Starting flush of map output
2017-10-16 13:14:32,469 INFO org.apache.hadoop.mapred.MapTask: Spilling map output
2017-10-16 13:14:32,469 INFO org.apache.hadoop.mapred.MapTask: bufstart = 0; bufend = 3648; bufvoid = 104857600
2017-10-16 13:14:32,469 INFO org.apache.hadoop.mapred.MapTask: kvstart = 26214396(104857584); kvend = 26212768(104851072); length = 1629/6553600
2017-10-16 13:14:32,470 INFO org.apache.hadoop.mapred.MapTask: Finished spill 0
2017-10-16 13:14:32,471 INFO org.apache.hadoop.mapred.Task: Task:attempt_local503410344_0001_m_000005_0 is done. And is in the process of committing
2017-10-16 13:14:32,472 INFO org.apache.hadoop.mapred.LocalJobRunner: map
2017-10-16 13:14:32,472 INFO org.apache.hadoop.mapred.Task: Task 'attempt_local503410344_0001_m_000005_0' done.
2017-10-16 13:14:32,472 INFO org.apache.hadoop.mapred.LocalJobRunner: Finishing task: attempt_local503410344_0001_m_000005_0
2017-10-16 13:14:32,472 INFO org.apache.hadoop.mapred.LocalJobRunner: map task executor complete.
2017-10-16 13:14:32,478 INFO org.apache.hadoop.mapred.LocalJobRunner: Waiting for reduce tasks
2017-10-16 13:14:32,478 INFO org.apache.hadoop.mapred.LocalJobRunner: Starting task: attempt_local503410344_0001_r_000000_0
2017-10-16 13:14:32,488 INFO org.apache.hadoop.mapreduce.lib.output.FileOutputCommitter: File Output Committer Algorithm version is 1
2017-10-16 13:14:32,488 INFO org.apache.hadoop.mapreduce.lib.output.FileOutputCommitter: FileOutputCommitter skip cleanup _temporary folders under output directory:false, ignore cleanup failures: false
2017-10-16 13:14:32,489 INFO org.apache.hadoop.mapred.Task:  Using ResourceCalculatorProcessTree : [ ]
2017-10-16 13:14:32,490 INFO org.apache.hadoop.mapred.ReduceTask: Using ShuffleConsumerPlugin: org.apache.hadoop.mapreduce.task.reduce.Shuffle@2d6d4204
2017-10-16 13:14:32,499 INFO org.apache.hadoop.mapreduce.task.reduce.MergeManagerImpl: MergerManager: memoryLimit=1284138624, maxSingleShuffleLimit=321034656, mergeThreshold=847531520, ioSortFactor=10, memToMemMergeOutputsThreshold=10
2017-10-16 13:14:32,512 INFO org.apache.hadoop.mapreduce.task.reduce.EventFetcher: attempt_local503410344_0001_r_000000_0 Thread started: EventFetcher for fetching Map Completion Events
2017-10-16 13:14:32,530 INFO org.apache.hadoop.mapreduce.task.reduce.LocalFetcher: localfetcher#1 about to shuffle output of map attempt_local503410344_0001_m_000000_0 decomp: 971 len: 975 to MEMORY
2017-10-16 13:14:32,532 INFO org.apache.hadoop.mapreduce.task.reduce.InMemoryMapOutput: Read 971 bytes from map-output for attempt_local503410344_0001_m_000000_0
2017-10-16 13:14:32,533 INFO org.apache.hadoop.mapreduce.task.reduce.MergeManagerImpl: closeInMemoryFile -> map-output of size: 971, inMemoryMapOutputs.size() -> 1, commitMemory -> 0, usedMemory ->971
2017-10-16 13:14:32,534 INFO org.apache.hadoop.mapreduce.task.reduce.LocalFetcher: localfetcher#1 about to shuffle output of map attempt_local503410344_0001_m_000003_0 decomp: 2 len: 6 to MEMORY
2017-10-16 13:14:32,535 INFO org.apache.hadoop.mapreduce.task.reduce.InMemoryMapOutput: Read 2 bytes from map-output for attempt_local503410344_0001_m_000003_0
2017-10-16 13:14:32,535 INFO org.apache.hadoop.mapreduce.task.reduce.MergeManagerImpl: closeInMemoryFile -> map-output of size: 2, inMemoryMapOutputs.size() -> 2, commitMemory -> 971, usedMemory ->973
2017-10-16 13:14:32,536 INFO org.apache.hadoop.mapreduce.task.reduce.LocalFetcher: localfetcher#1 about to shuffle output of map attempt_local503410344_0001_m_000005_0 decomp: 2 len: 6 to MEMORY
2017-10-16 13:14:32,536 INFO org.apache.hadoop.mapreduce.task.reduce.InMemoryMapOutput: Read 2 bytes from map-output for attempt_local503410344_0001_m_000005_0
2017-10-16 13:14:32,536 INFO org.apache.hadoop.mapreduce.task.reduce.MergeManagerImpl: closeInMemoryFile -> map-output of size: 2, inMemoryMapOutputs.size() -> 3, commitMemory -> 973, usedMemory ->975
2017-10-16 13:14:32,537 INFO org.apache.hadoop.mapreduce.task.reduce.LocalFetcher: localfetcher#1 about to shuffle output of map attempt_local503410344_0001_m_000002_0 decomp: 2 len: 6 to MEMORY
2017-10-16 13:14:32,537 INFO org.apache.hadoop.mapreduce.task.reduce.InMemoryMapOutput: Read 2 bytes from map-output for attempt_local503410344_0001_m_000002_0
2017-10-16 13:14:32,537 INFO org.apache.hadoop.mapreduce.task.reduce.MergeManagerImpl: closeInMemoryFile -> map-output of size: 2, inMemoryMapOutputs.size() -> 4, commitMemory -> 975, usedMemory ->977
2017-10-16 13:14:32,538 INFO org.apache.hadoop.mapreduce.task.reduce.LocalFetcher: localfetcher#1 about to shuffle output of map attempt_local503410344_0001_m_000001_0 decomp: 376 len: 380 to MEMORY
2017-10-16 13:14:32,539 INFO org.apache.hadoop.mapreduce.task.reduce.InMemoryMapOutput: Read 376 bytes from map-output for attempt_local503410344_0001_m_000001_0
2017-10-16 13:14:32,539 INFO org.apache.hadoop.mapreduce.task.reduce.MergeManagerImpl: closeInMemoryFile -> map-output of size: 376, inMemoryMapOutputs.size() -> 5, commitMemory -> 977, usedMemory ->1353
2017-10-16 13:14:32,540 INFO org.apache.hadoop.mapreduce.task.reduce.LocalFetcher: localfetcher#1 about to shuffle output of map attempt_local503410344_0001_m_000004_0 decomp: 2 len: 6 to MEMORY
2017-10-16 13:14:32,540 INFO org.apache.hadoop.mapreduce.task.reduce.InMemoryMapOutput: Read 2 bytes from map-output for attempt_local503410344_0001_m_000004_0
2017-10-16 13:14:32,540 INFO org.apache.hadoop.mapreduce.task.reduce.MergeManagerImpl: closeInMemoryFile -> map-output of size: 2, inMemoryMapOutputs.size() -> 6, commitMemory -> 1353, usedMemory ->1355
2017-10-16 13:14:32,541 INFO org.apache.hadoop.mapreduce.task.reduce.EventFetcher: EventFetcher is interrupted.. Returning
2017-10-16 13:14:32,541 INFO org.apache.hadoop.mapred.LocalJobRunner: 6 / 6 copied.
2017-10-16 13:14:32,541 INFO org.apache.hadoop.mapreduce.task.reduce.MergeManagerImpl: finalMerge called with 6 in-memory map-outputs and 0 on-disk map-outputs
2017-10-16 13:14:32,545 INFO org.apache.hadoop.mapred.Merger: Merging 6 sorted segments
2017-10-16 13:14:32,545 INFO org.apache.hadoop.mapred.Merger: Down to the last merge-pass, with 2 segments left of total size: 1339 bytes
2017-10-16 13:14:32,547 INFO org.apache.hadoop.mapreduce.task.reduce.MergeManagerImpl: Merged 6 segments, 1355 bytes to disk to satisfy reduce memory limit
2017-10-16 13:14:32,547 INFO org.apache.hadoop.mapreduce.task.reduce.MergeManagerImpl: Merging 1 files, 1349 bytes from disk
2017-10-16 13:14:32,548 INFO org.apache.hadoop.mapreduce.task.reduce.MergeManagerImpl: Merging 0 segments, 0 bytes from memory into reduce
2017-10-16 13:14:32,548 INFO org.apache.hadoop.mapred.Merger: Merging 1 sorted segments
2017-10-16 13:14:32,549 INFO org.apache.hadoop.mapred.Merger: Down to the last merge-pass, with 1 segments left of total size: 1341 bytes
2017-10-16 13:14:32,549 INFO org.apache.hadoop.mapred.LocalJobRunner: 6 / 6 copied.
2017-10-16 13:14:32,560 INFO org.apache.hadoop.conf.Configuration.deprecation: mapred.skip.on is deprecated. Instead, use mapreduce.job.skiprecords
2017-10-16 13:14:32,563 INFO org.apache.hadoop.mapred.Task: Task:attempt_local503410344_0001_r_000000_0 is done. And is in the process of committing
2017-10-16 13:14:32,564 INFO org.apache.hadoop.mapred.LocalJobRunner: 6 / 6 copied.
2017-10-16 13:14:32,564 INFO org.apache.hadoop.mapred.Task: Task attempt_local503410344_0001_r_000000_0 is allowed to commit now
2017-10-16 13:14:32,565 INFO org.apache.hadoop.mapreduce.lib.output.FileOutputCommitter: Saved output of task 'attempt_local503410344_0001_r_000000_0' to file:/home/cloudera/workspace/ATD1/output/_temporary/0/task_local503410344_0001_r_000000
2017-10-16 13:14:32,565 INFO org.apache.hadoop.mapred.LocalJobRunner: reduce > reduce
2017-10-16 13:14:32,566 INFO org.apache.hadoop.mapred.Task: Task 'attempt_local503410344_0001_r_000000_0' done.
2017-10-16 13:14:32,566 INFO org.apache.hadoop.mapred.LocalJobRunner: Finishing task: attempt_local503410344_0001_r_000000_0
2017-10-16 13:14:32,566 INFO org.apache.hadoop.mapred.LocalJobRunner: reduce task executor complete.
2017-10-16 13:14:33,212 INFO org.apache.hadoop.mapreduce.Job:  map 100% reduce 100%
2017-10-16 13:14:33,212 INFO org.apache.hadoop.mapreduce.Job: Job job_local503410344_0001 completed successfully
2017-10-16 13:14:33,229 INFO org.apache.hadoop.mapreduce.Job: Counters: 30
	File System Counters
		FILE: Number of bytes read=141890058
		FILE: Number of bytes written=2086674
		FILE: Number of read operations=0
		FILE: Number of large read operations=0
		FILE: Number of write operations=0
	Map-Reduce Framework
		Map input records=432641
		Map output records=4576844
		Map output bytes=39671425
		Map output materialized bytes=1379
		Input split bytes=642
		Combine input records=4576844
		Combine output records=138
		Reduce input groups=101
		Reduce shuffle bytes=1379
		Reduce input records=138
		Reduce output records=101
		Spilled Records=276
		Shuffled Maps =6
		Failed Shuffles=0
		Merged Map outputs=6
		GC time elapsed (ms)=199
		Total committed heap usage (bytes)=6130499584
	Shuffle Errors
		BAD_ID=0
		CONNECTION=0
		IO_ERROR=0
		WRONG_LENGTH=0
		WRONG_MAP=0
		WRONG_REDUCE=0
	File Input Format Counters 
		Bytes Read=21241484
	File Output Format Counters 
		Bytes Written=969
